[handleMsg]:  {
  key: {
    remoteJid: '573152089391@s.whatsapp.net',
    fromMe: false,
    id: '3EB0056D66BCE9143618CC',
    participant: undefined
  },
  messageTimestamp: 1713445652,
  pushName: 'Kevin Causado',
  broadcast: false,
  message: Message {
    conversation: 'hola',
    messageContextInfo: MessageContextInfo {
      deviceListMetadata: [DeviceListMetadata],
      deviceListMetadataVersion: 2
    }
  },
  body: 'hola',
  from: '573152089391'
}
[QUEUE_SE_ENVIO]:  {
  ref: 'ans_b146801d-29b7-417f-a28f-b40eb13675a4',
  keyword: 'key_d437dbb1-1536-4268-ab07-5e9c9a2d7fa2',
  answer: '🙌 Hola, bienvenido a nuestro servicio de streaming bot!',
  options: {
    media: null,
    buttons: [],
    capture: false,
    child: null,
    delay: 0,
    idle: null,
    ref: null,
    nested: [],
    keyword: {},
    callback: false
  },
  refSerialize: '1d22b2f68e6553e24bf894528701026f'
}
[QUEUE_SE_ENVIO]:  {
  ref: 'ans_35e77ab3-db26-4e14-a5c5-61fd2d7e378d',
  keyword: 'ans_b146801d-29b7-417f-a28f-b40eb13675a4',
  answer: '¿Qué te gustaría hacer?\n' +
    '*Netflix* para Ver Netflix\n' +
    '*HBO* para Ver HBO\n' +
    '*Amazon Prime Video* para Ver Amazon Prime Video\n' +
    '*Paramount* para Ver Paramount+\n' +
    '*Deezer* para Ver Deezer\n' +
    '*Spotify* para Ver Spotify\n' +
    '*Youtube Music* para Ver Youtube Music\n' +
    '*Crunchyroll* para Ver Crunchyroll\n' +
    '*Disney* para Ver Disney+\n' +
    '*Star+* para Ver Star+\n' +
    '*Win+* para Ver Win+\n' +
    '*IPTV* para Ver IPTV\n' +
    '*98* Contactar al proveedor en caso de emergencia',
  options: {
    media: null,
    buttons: [],
    capture: false,
    child: null,
    delay: 0,
    idle: null,
    ref: null,
    nested: [],
    keyword: {},
    callback: true
  },
  refSerialize: 'bc5fc3cfef6f26cc0d71a3186472b4ce'
}
