573152089391:ENCOLADO ans_6a276bfc-e452-4392-9359-f5139f2c70c3
EJECUTANDO:ans_6a276bfc-e452-4392-9359-f5139f2c70c3
573152089391:SUCCESS
573152089391:ENCOLADO ans_f78bd0a4-001f-414b-ab2c-0b83c1c3528b
EJECUTANDO:ans_f78bd0a4-001f-414b-ab2c-0b83c1c3528b
573152089391:SUCCESS
573152089391:ENCOLADO ans_13015dc5-63fa-4b8b-adad-172d0829dd27
EJECUTANDO:ans_13015dc5-63fa-4b8b-adad-172d0829dd27
573152089391:SUCCESS
573152089391:ENCOLADO ans_02ed7e66-c121-4670-957b-1b26bc96d553
EJECUTANDO:ans_02ed7e66-c121-4670-957b-1b26bc96d553
573152089391:SUCCESS
573152089391:ENCOLADO ans_62844c0f-27f9-46a6-be50-14e6ecda496b
EJECUTANDO:ans_62844c0f-27f9-46a6-be50-14e6ecda496b
573152089391:SUCCESS
573152089391:ENCOLADO ans_4e91ff21-9814-4ee7-8d93-08bed5a929d2
EJECUTANDO:ans_4e91ff21-9814-4ee7-8d93-08bed5a929d2
573152089391:SUCCESS
573152089391:ENCOLADO ans_852fc13d-dbe9-4983-bc0d-724ddc2daf1b
EJECUTANDO:ans_852fc13d-dbe9-4983-bc0d-724ddc2daf1b
573152089391:SUCCESS
573152089391:ENCOLADO ans_e0e38a11-d982-430b-ae78-c0c0d85d3743
EJECUTANDO:ans_e0e38a11-d982-430b-ae78-c0c0d85d3743
573152089391:SUCCESS
573152089391:ENCOLADO ans_02ed7e66-c121-4670-957b-1b26bc96d553
EJECUTANDO:ans_02ed7e66-c121-4670-957b-1b26bc96d553
573152089391:SUCCESS
